{"headers":{"host":"localhost:3000","user-agent":"curl/7.51.0","accept":"*/*"},"user":"Naveen","level":"info","message":"Root path","timestamp":"2017-03-01T07:13:02.631Z"}
{"res":{"statusCode":200},"req":{"url":"/","query":{},"headers":{"host":"localhost:3000","user-agent":"curl/7.51.0","accept":"*/*"},"method":"GET"},"responseTime":19,"user":"Naveen","role":"Naveen","level":"info","message":"\u001b[32m200\u001b[39m GET 19ms /","timestamp":"2017-03-01T07:13:02.656Z"}
{"headers":{"host":"localhost:3000","user-agent":"curl/7.51.0","accept":"*/*"},"user":"Naveen","level":"info","message":"Root path","timestamp":"2017-03-01T07:14:07.063Z"}
{"res":{"statusCode":200},"req":{"url":"/","query":{},"headers":{"host":"localhost:3000","user-agent":"curl/7.51.0","accept":"*/*"},"method":"GET"},"responseTime":14,"user":"Naveen","role":"Naveen","level":"info","message":"\u001b[32m200\u001b[39m GET 14ms /","timestamp":"2017-03-01T07:14:07.088Z"}
{"headers":{"host":"localhost:3000","user-agent":"curl/7.51.0","accept":"*/*"},"user":"Naveen","level":"info","message":"Root path","timestamp":"2017-03-01T07:14:47.373Z"}
{"res":{"statusCode":200},"req":{"url":"/","query":{},"headers":{"host":"localhost:3000","user-agent":"curl/7.51.0","accept":"*/*"},"method":"GET"},"responseTime":1,"user":"Naveen","role":"Naveen","level":"info","message":"\u001b[32m200\u001b[39m GET 1ms /","timestamp":"2017-03-01T07:14:47.378Z"}
{"headers":{"host":"localhost:3000","user-agent":"curl/7.51.0","accept":"*/*"},"user":"Naveen","level":"info","message":"Root path","timestamp":"2017-03-01T07:14:56.462Z"}
{"res":{"statusCode":200},"req":{"url":"/","query":{},"headers":{"host":"localhost:3000","user-agent":"curl/7.51.0","accept":"*/*"},"method":"GET"},"responseTime":1,"user":"Naveen","role":"Naveen","level":"info","message":"\u001b[32m200\u001b[39m GET 1ms /","timestamp":"2017-03-01T07:14:56.464Z"}
{"headers":{"host":"localhost:3000","connection":"close"},"user":"Naveen","level":"info","message":"Root path","timestamp":"2017-03-01T10:15:27.071Z"}
{"res":{"statusCode":200},"req":{"url":"/","query":{},"headers":{"host":"localhost:3000","connection":"close"},"method":"GET"},"responseTime":8,"user":"Naveen","role":"Naveen","level":"info","message":"\u001b[32m200\u001b[39m GET 8ms /","timestamp":"2017-03-01T10:15:27.083Z"}
{"headers":{"host":"localhost:3000","connection":"close"},"user":"Naveen","level":"info","message":"Root path","timestamp":"2017-03-01T10:19:11.884Z"}
{"res":{"statusCode":200},"req":{"url":"/","query":{},"headers":{"host":"localhost:3000","connection":"close"},"method":"GET"},"responseTime":9,"user":"Naveen","role":"Naveen","level":"info","message":"\u001b[32m200\u001b[39m GET 9ms /","timestamp":"2017-03-01T10:19:11.895Z"}
{"res":{"statusCode":200},"req":{"url":"/new","query":{},"headers":{"host":"localhost:3000","content-type":"application/x-www-form-urlencoded","content-length":"11","connection":"close"},"method":"POST","body":{"name":"Naveen"}},"responseTime":40,"user":null,"role":null,"level":"info","message":"\u001b[32m200\u001b[39m POST 40ms /new","timestamp":"2017-03-01T10:19:11.944Z"}
{"headers":{"host":"localhost:3000","connection":"close"},"user":"Naveen","level":"info","message":"Root path","timestamp":"2017-03-01T10:32:42.696Z"}
{"res":{"statusCode":200},"req":{"url":"/","headers":{"host":"localhost:3000","connection":"close"},"method":"GET","httpVersion":"1.1","originalUrl":"/","query":{}},"responseTime":9,"user":"Naveen","role":"Naveen","level":"info","message":"\u001b[32m200\u001b[39m GET 9ms /","timestamp":"2017-03-01T10:32:42.708Z"}
{"res":{"statusCode":200},"req":{"url":"/new","headers":{"host":"localhost:3000","content-type":"application/x-www-form-urlencoded","content-length":"11","connection":"close"},"method":"POST","httpVersion":"1.1","originalUrl":"/new","query":{}},"responseTime":31,"user":null,"role":null,"level":"info","message":"\u001b[32m200\u001b[39m POST 31ms /new","timestamp":"2017-03-01T10:32:42.749Z"}
{"headers":{"host":"localhost:3000","connection":"close"},"user":"Naveen","level":"info","message":"Root path","timestamp":"2017-03-01T10:32:51.748Z"}
{"res":{"statusCode":200},"req":{"url":"/","headers":{"host":"localhost:3000","connection":"close"},"method":"GET","httpVersion":"1.1","originalUrl":"/","query":{}},"responseTime":4,"user":"Naveen","role":"Naveen","level":"info","message":"\u001b[32m200\u001b[39m GET 4ms /","timestamp":"2017-03-01T10:32:51.754Z"}
{"res":{"statusCode":200},"req":{"url":"/new","headers":{"host":"localhost:3000","content-type":"application/x-www-form-urlencoded","content-length":"11","connection":"close"},"method":"POST","httpVersion":"1.1","originalUrl":"/new","query":{}},"responseTime":2,"user":null,"role":null,"level":"info","message":"\u001b[32m200\u001b[39m POST 2ms /new","timestamp":"2017-03-01T10:32:51.758Z"}
{"headers":{"host":"localhost:3000","connection":"close"},"user":"Naveen","level":"info","message":"Root path","timestamp":"2017-03-01T10:41:10.082Z"}
{"res":{"statusCode":200},"req":{"url":"/","headers":{"host":"localhost:3000","connection":"close"},"method":"GET","httpVersion":"1.1","originalUrl":"/","query":{}},"responseTime":8,"user":"Naveen","role":"Naveen","level":"info","message":"200 GET 8ms /","timestamp":"2017-03-01T10:41:10.093Z"}
{"name":"Naveen","level":"info","message":"","timestamp":"2017-03-01T10:41:10.137Z"}
{"res":{"statusCode":200},"req":{"url":"/new","headers":{"host":"localhost:3000","content-type":"application/x-www-form-urlencoded","content-length":"11","connection":"close"},"method":"POST","httpVersion":"1.1","originalUrl":"/new","query":{}},"responseTime":37,"user":null,"role":null,"level":"info","message":"200 POST 37ms /new","timestamp":"2017-03-01T10:41:10.140Z"}
